Compiling the C compiler identification source file "CMakeCCompilerId.c" failed.
Compiler: /home/muthuselvan/.espressif/tools/xtensa-esp-elf/esp-15.2.0_20250929/xtensa-esp-elf/bin/xtensa-esp32s3-elf-gcc 
Build flags: @"/home/muthuselvan/esp/build/toolchain/cflags"
Id flags:  

The output was:
1
/home/muthuselvan/.espressif/tools/xtensa-esp-elf/esp-15.2.0_20250929/xtensa-esp-elf/bin/../lib/gcc/xtensa-esp-elf/15.2.0/../../../../xtensa-esp-elf/bin/ld: cannot find @"/home/muthuselvan/esp/build/toolchain/cflags": No such file or directory
collect2: error: ld returned 1 exit status


Compiling the C compiler identification source file "CMakeCCompilerId.c" failed.
Compiler: /home/muthuselvan/.espressif/tools/xtensa-esp-elf/esp-15.2.0_20250929/xtensa-esp-elf/bin/xtensa-esp32s3-elf-gcc 
Build flags: @"/home/muthuselvan/esp/build/toolchain/cflags"
Id flags: -c 

The output was:
1
xtensa-esp-elf-gcc: warning: @"/home/muthuselvan/esp/build/toolchain/cflags": linker input file unused because linking not done
xtensa-esp-elf-gcc: error: @"/home/muthuselvan/esp/build/toolchain/cflags": linker input file not found: No such file or directory


Compiling the C compiler identification source file "CMakeCCompilerId.c" failed.
Compiler: /home/muthuselvan/.espressif/tools/xtensa-esp-elf/esp-15.2.0_20250929/xtensa-esp-elf/bin/xtensa-esp32s3-elf-gcc 
Build flags: @"/home/muthuselvan/esp/build/toolchain/cflags"
Id flags: -Aa 

The output was:
1
<command-line>: error: missing '(' after predicate


Compiling the C compiler identification source file "CMakeCCompilerId.c" failed.
Compiler: /home/muthuselvan/.espressif/tools/xtensa-esp-elf/esp-15.2.0_20250929/xtensa-esp-elf/bin/xtensa-esp32s3-elf-gcc 
Build flags: @"/home/muthuselvan/esp/build/toolchain/cflags"
Id flags: -D__CLASSIC_C__ 

The output was:
1
CMakeCCompilerId.c: In function 'main':
CMakeCCompilerId.c:774:5: warning: old-style function definition [-Wold-style-definition]
  774 | int main(argc, argv) int argc; char *argv[];
      |     ^~~~
/home/muthuselvan/.espressif/tools/xtensa-esp-elf/esp-15.2.0_20250929/xtensa-esp-elf/bin/../lib/gcc/xtensa-esp-elf/15.2.0/../../../../xtensa-esp-elf/bin/ld: cannot find @"/home/muthuselvan/esp/build/toolchain/cflags": No such file or directory
collect2: error: ld returned 1 exit status


Compiling the C compiler identification source file "CMakeCCompilerId.c" failed.
Compiler: /home/muthuselvan/.espressif/tools/xtensa-esp-elf/esp-15.2.0_20250929/xtensa-esp-elf/bin/xtensa-esp32s3-elf-gcc 
Build flags: @"/home/muthuselvan/esp/build/toolchain/cflags"
Id flags: --target=arm-arm-none-eabi;-mcpu=cortex-m3 

The output was:
1
xtensa-esp-elf-gcc: error: unrecognized command-line option '--target=arm-arm-none-eabi'
xtensa-esp-elf-gcc: error: unrecognized command-line option '-mcpu=cortex-m3'


Compiling the C compiler identification source file "CMakeCCompilerId.c" failed.
Compiler: /home/muthuselvan/.espressif/tools/xtensa-esp-elf/esp-15.2.0_20250929/xtensa-esp-elf/bin/xtensa-esp32s3-elf-gcc 
Build flags: @"/home/muthuselvan/esp/build/toolchain/cflags"
Id flags: -c;-I__does_not_exist__ 

The output was:
1
xtensa-esp-elf-gcc: warning: @"/home/muthuselvan/esp/build/toolchain/cflags": linker input file unused because linking not done
xtensa-esp-elf-gcc: error: @"/home/muthuselvan/esp/build/toolchain/cflags": linker input file not found: No such file or directory


Compiling the CXX compiler identification source file "CMakeCXXCompilerId.cpp" failed.
Compiler: /home/muthuselvan/.espressif/tools/xtensa-esp-elf/esp-15.2.0_20250929/xtensa-esp-elf/bin/xtensa-esp32s3-elf-g++ 
Build flags: @"/home/muthuselvan/esp/build/toolchain/cxxflags"
Id flags:  

The output was:
1
/home/muthuselvan/.espressif/tools/xtensa-esp-elf/esp-15.2.0_20250929/xtensa-esp-elf/bin/../lib/gcc/xtensa-esp-elf/15.2.0/../../../../xtensa-esp-elf/bin/ld: cannot find @"/home/muthuselvan/esp/build/toolchain/cxxflags": No such file or directory
collect2: error: ld returned 1 exit status


Compiling the CXX compiler identification source file "CMakeCXXCompilerId.cpp" failed.
Compiler: /home/muthuselvan/.espressif/tools/xtensa-esp-elf/esp-15.2.0_20250929/xtensa-esp-elf/bin/xtensa-esp32s3-elf-g++ 
Build flags: @"/home/muthuselvan/esp/build/toolchain/cxxflags"
Id flags: -c 

The output was:
1
xtensa-esp-elf-g++: warning: @"/home/muthuselvan/esp/build/toolchain/cxxflags": linker input file unused because linking not done
xtensa-esp-elf-g++: error: @"/home/muthuselvan/esp/build/toolchain/cxxflags": linker input file not found: No such file or directory


Compiling the CXX compiler identification source file "CMakeCXXCompilerId.cpp" failed.
Compiler: /home/muthuselvan/.espressif/tools/xtensa-esp-elf/esp-15.2.0_20250929/xtensa-esp-elf/bin/xtensa-esp32s3-elf-g++ 
Build flags: @"/home/muthuselvan/esp/build/toolchain/cxxflags"
Id flags: --c++ 

The output was:
1
xtensa-esp-elf-g++: error: unrecognized command-line option '--c++'


Compiling the CXX compiler identification source file "CMakeCXXCompilerId.cpp" failed.
Compiler: /home/muthuselvan/.espressif/tools/xtensa-esp-elf/esp-15.2.0_20250929/xtensa-esp-elf/bin/xtensa-esp32s3-elf-g++ 
Build flags: @"/home/muthuselvan/esp/build/toolchain/cxxflags"
Id flags: --ec++ 

The output was:
1
xtensa-esp-elf-g++: error: unrecognized command-line option '--ec++'; did you mean '-Weffc++'?


Compiling the CXX compiler identification source file "CMakeCXXCompilerId.cpp" failed.
Compiler: /home/muthuselvan/.espressif/tools/xtensa-esp-elf/esp-15.2.0_20250929/xtensa-esp-elf/bin/xtensa-esp32s3-elf-g++ 
Build flags: @"/home/muthuselvan/esp/build/toolchain/cxxflags"
Id flags: --target=arm-arm-none-eabi;-mcpu=cortex-m3 

The output was:
1
xtensa-esp-elf-g++: error: unrecognized command-line option '--target=arm-arm-none-eabi'
xtensa-esp-elf-g++: error: unrecognized command-line option '-mcpu=cortex-m3'


Compiling the CXX compiler identification source file "CMakeCXXCompilerId.cpp" failed.
Compiler: /home/muthuselvan/.espressif/tools/xtensa-esp-elf/esp-15.2.0_20250929/xtensa-esp-elf/bin/xtensa-esp32s3-elf-g++ 
Build flags: @"/home/muthuselvan/esp/build/toolchain/cxxflags"
Id flags: -c;-I__does_not_exist__ 

The output was:
1
xtensa-esp-elf-g++: warning: @"/home/muthuselvan/esp/build/toolchain/cxxflags": linker input file unused because linking not done
xtensa-esp-elf-g++: error: @"/home/muthuselvan/esp/build/toolchain/cxxflags": linker input file not found: No such file or directory


